<?xml version="1.0" encoding="UTF-8"?>
<testng-results skipped="0" failed="0" ignored="0" total="1" passed="1">
  <reporter-output>
  </reporter-output>
  <suite name="Default suite" duration-ms="14233" started-at="2020-10-28T16:23:21 IST" finished-at="2020-10-28T16:23:35 IST">
    <groups>
    </groups>
    <test name="Default test" duration-ms="14233" started-at="2020-10-28T16:23:21 IST" finished-at="2020-10-28T16:23:35 IST">
      <class name="regressionTest.VerifyTitle">
        <test-method status="PASS" signature="testCorrectTitle()[pri:0, instance:regressionTest.VerifyTitle@6c49835d]" name="testCorrectTitle" duration-ms="14147" started-at="2020-10-28T16:23:21 IST" finished-at="2020-10-28T16:23:35 IST">
          <reporter-output>
          </reporter-output>
        </test-method> <!-- testCorrectTitle -->
      </class> <!-- regressionTest.VerifyTitle -->
    </test> <!-- Default test -->
  </suite> <!-- Default suite -->
</testng-results>
