<?xml version="1.0" encoding="UTF-8"?>
<testng-results skipped="0" failed="0" ignored="0" total="1" passed="1">
  <reporter-output>
  </reporter-output>
  <suite name="Default suite" duration-ms="20085" started-at="2021-02-25T11:09:58 IST" finished-at="2021-02-25T11:10:18 IST">
    <groups>
    </groups>
    <test name="Default test" duration-ms="20085" started-at="2021-02-25T11:09:58 IST" finished-at="2021-02-25T11:10:18 IST">
      <class name="regressionTest.VerifyClick">
        <test-method status="PASS" signature="testVerifyTitle()[pri:0, instance:regressionTest.VerifyClick@6c49835d]" name="testVerifyTitle" duration-ms="19965" started-at="2021-02-25T11:09:58 IST" finished-at="2021-02-25T11:10:18 IST">
          <reporter-output>
          </reporter-output>
        </test-method> <!-- testVerifyTitle -->
      </class> <!-- regressionTest.VerifyClick -->
    </test> <!-- Default test -->
  </suite> <!-- Default suite -->
</testng-results>
